2023-11-11 21:58:47 info: tempDirectory:c:\Users\risha\.vscode\extensions\embold-vscode.embold-0.1.6\temp
2023-11-11 21:58:47 info: Congratulations, your extension "Embold" is now active!
2023-11-11 21:58:47 info: Current Version Of Embold
2023-11-11 21:58:47 info: 0.1.6
2023-11-11 21:58:47 info: Extraction complete for source: c:\Users\risha\.vscode\extensions\embold-vscode.embold-0.1.6\resources\embold-scanner-archive.zip, destination: c:\Users\risha\.vscode\extensions\embold-vscode.embold-0.1.6\temp
2023-11-11 21:59:00 info: Embold extension version response:
2023-11-11 21:59:00 info: {"hasSupport":false,"version":"0.9.0.64","changeNotes":"<div> <p>Release Date: 05 May 2022 <br><span>Embold has added 6 new Java rules that will make your code more secure!</span></p> </div>"}
2023-11-11 21:59:00 info: current version : 
2023-11-11 21:59:00 info: latest version : 
2023-11-11 21:59:40 error: SQLITE_ERROR: no such table: issues
2023-11-11 21:59:43 error: SQLITE_ERROR: no such table: issues
2023-11-11 21:59:43 error: SQLITE_ERROR: no such table: issues
2023-11-11 21:59:43 error: SQLITE_ERROR: no such table: issues
2023-11-11 21:59:49 error: SQLITE_ERROR: no such table: issues
2023-11-11 21:59:51 error: SQLITE_ERROR: no such table: issues
2023-11-11 21:59:54 error: SQLITE_ERROR: no such table: issues
2023-11-11 21:59:55 error: SQLITE_ERROR: no such table: issues
2023-11-11 21:59:56 error: SQLITE_ERROR: no such table: issues
2023-11-11 22:00:04 error: SQLITE_ERROR: no such table: issues
2023-11-11 22:00:04 error: SQLITE_ERROR: no such table: issues
2023-11-11 22:00:04 error: SQLITE_ERROR: no such table: issues
2023-11-11 22:00:04 error: SQLITE_ERROR: no such table: issues
2023-11-11 22:00:04 error: SQLITE_ERROR: no such table: issues
2023-11-11 22:00:09 error: SQLITE_ERROR: no such table: issues
2023-11-11 22:00:09 error: SQLITE_ERROR: no such table: issues
2023-11-11 22:00:11 error: SQLITE_ERROR: no such table: issues
2023-11-11 22:00:11 error: SQLITE_ERROR: no such table: issues
2023-11-11 22:00:38 error: SQLITE_ERROR: no such table: issues
2023-11-11 22:00:40 error: SQLITE_ERROR: no such table: issues
2023-11-11 22:00:46 error: SQLITE_ERROR: no such table: issues
2023-11-11 22:00:53 error: SQLITE_ERROR: no such table: issues
2023-11-11 22:00:53 error: SQLITE_ERROR: no such table: issues
2023-11-11 22:02:16 error: SQLITE_ERROR: no such table: issues
2023-11-11 22:02:43 error: SQLITE_ERROR: no such table: issues
2023-11-11 22:02:44 error: SQLITE_ERROR: no such table: issues
2023-11-11 22:02:44 error: SQLITE_ERROR: no such table: issues
2023-11-11 23:54:13 info: tempDirectory:c:\Users\risha\.vscode\extensions\embold-vscode.embold-0.1.6\temp
2023-11-11 23:54:13 info: Congratulations, your extension "Embold" is now active!
2023-11-11 23:54:13 info: Current Version Of Embold
2023-11-11 23:54:13 info: 0.1.6
2023-11-11 23:54:13 info: Extraction complete for source: c:\Users\risha\.vscode\extensions\embold-vscode.embold-0.1.6\resources\embold-scanner-archive.zip, destination: c:\Users\risha\.vscode\extensions\embold-vscode.embold-0.1.6\temp
2023-11-11 23:54:20 error: SQLITE_ERROR: no such table: issues
2023-11-11 23:54:20 info: Embold extension version response:
2023-11-11 23:54:20 info: {"hasSupport":false,"version":"0.9.0.64","changeNotes":"<div> <p>Release Date: 05 May 2022 <br><span>Embold has added 6 new Java rules that will make your code more secure!</span></p> </div>"}
2023-11-11 23:54:20 info: current version : 
2023-11-11 23:54:20 info: latest version : 
2023-11-11 23:54:22 error: SQLITE_ERROR: no such table: issues
2023-12-07 18:42:11 info: tempDirectory:c:\Users\risha\.vscode\extensions\embold-vscode.embold-0.1.6\temp
2023-12-07 18:42:11 info: Congratulations, your extension "Embold" is now active!
2023-12-07 18:42:11 info: Current Version Of Embold
2023-12-07 18:42:11 info: 0.1.6
2023-12-07 18:42:11 info: Extraction complete for source: c:\Users\risha\.vscode\extensions\embold-vscode.embold-0.1.6\resources\embold-scanner-archive.zip, destination: c:\Users\risha\.vscode\extensions\embold-vscode.embold-0.1.6\temp
2023-12-07 18:42:16 error: SQLITE_ERROR: no such table: issues
2023-12-07 18:42:16 info: Embold extension version response:
2023-12-07 18:42:16 info: {"hasSupport":false}
2023-12-07 18:42:16 info: current version : 
2023-12-07 18:42:16 info: latest version : 
2023-12-07 18:42:17 error: SQLITE_ERROR: no such table: issues
2023-12-07 18:42:17 error: SQLITE_ERROR: no such table: issues
2023-12-07 18:42:17 error: SQLITE_ERROR: no such table: issues
2023-12-07 18:42:24 error: SQLITE_ERROR: no such table: issues
2023-12-07 18:57:03 error: SQLITE_ERROR: no such table: issues
2023-12-07 18:57:04 error: SQLITE_ERROR: no such table: issues
2023-12-07 18:57:37 info: tempDirectory:c:\Users\risha\.vscode\extensions\embold-vscode.embold-0.1.6\temp
2023-12-07 18:57:37 info: Congratulations, your extension "Embold" is now active!
2023-12-07 18:57:37 info: Current Version Of Embold
2023-12-07 18:57:37 info: 0.1.6
2023-12-07 18:57:37 info: Extraction complete for source: c:\Users\risha\.vscode\extensions\embold-vscode.embold-0.1.6\resources\embold-scanner-archive.zip, destination: c:\Users\risha\.vscode\extensions\embold-vscode.embold-0.1.6\temp
2023-12-07 18:57:43 error: SQLITE_ERROR: no such table: issues
2023-12-07 18:57:44 error: SQLITE_ERROR: no such table: issues
2023-12-07 18:57:45 info: Embold extension version response:
2023-12-07 18:57:45 info: {"hasSupport":false}
2023-12-07 18:57:45 info: current version : 
2023-12-07 18:57:45 info: latest version : 
2023-12-07 18:57:47 error: SQLITE_ERROR: no such table: issues
2023-12-07 18:57:48 error: SQLITE_ERROR: no such table: issues
2023-12-07 18:57:48 error: SQLITE_ERROR: no such table: issues
2023-12-07 18:57:49 error: SQLITE_ERROR: no such table: issues
2023-12-07 18:57:49 error: SQLITE_ERROR: no such table: issues
2023-12-07 18:57:50 error: SQLITE_ERROR: no such table: issues
2023-12-07 18:57:50 error: SQLITE_ERROR: no such table: issues
2023-12-07 18:57:50 error: SQLITE_ERROR: no such table: issues
2023-12-07 18:57:50 error: SQLITE_ERROR: no such table: issues
2023-12-07 18:57:50 error: SQLITE_ERROR: no such table: issues
2023-12-07 18:58:07 error: SQLITE_ERROR: no such table: issues
2023-12-07 18:58:07 error: SQLITE_ERROR: no such table: issues
2023-12-07 18:58:27 error: SQLITE_ERROR: no such table: issues
2023-12-07 18:58:27 error: SQLITE_ERROR: no such table: issues
2023-12-07 18:58:34 error: SQLITE_ERROR: no such table: issues
2023-12-07 18:58:36 error: SQLITE_ERROR: no such table: issues
2023-12-07 18:58:36 error: SQLITE_ERROR: no such table: issues
2023-12-07 18:58:46 error: SQLITE_ERROR: no such table: issues
2023-12-07 18:59:21 error: SQLITE_ERROR: no such table: issues
2023-12-07 19:00:22 error: SQLITE_ERROR: no such table: issues
2023-12-07 19:00:23 error: SQLITE_ERROR: no such table: issues
2023-12-07 19:02:34 error: SQLITE_ERROR: no such table: issues
2023-12-07 19:03:04 error: SQLITE_ERROR: no such table: issues
2023-12-07 19:03:20 error: SQLITE_ERROR: no such table: issues
2023-12-07 19:03:21 error: SQLITE_ERROR: no such table: issues
2023-12-07 19:03:21 error: SQLITE_ERROR: no such table: issues
2023-12-07 19:03:21 error: SQLITE_ERROR: no such table: issues
2023-12-07 19:03:48 error: SQLITE_ERROR: no such table: issues
2023-12-07 19:05:13 error: SQLITE_ERROR: no such table: issues
2023-12-07 19:05:13 error: SQLITE_ERROR: no such table: issues
2023-12-07 19:05:57 error: SQLITE_ERROR: no such table: issues
2023-12-07 19:06:03 error: SQLITE_ERROR: no such table: issues
2023-12-07 19:06:03 error: SQLITE_ERROR: no such table: issues
2023-12-07 19:06:03 error: SQLITE_ERROR: no such table: issues
2023-12-07 19:06:04 error: SQLITE_ERROR: no such table: issues
2023-12-07 19:06:11 error: SQLITE_ERROR: no such table: issues
2023-12-07 19:06:13 error: SQLITE_ERROR: no such table: issues
2023-12-07 19:06:15 error: SQLITE_ERROR: no such table: issues
2023-12-07 19:06:16 error: SQLITE_ERROR: no such table: issues
2023-12-07 19:06:16 error: SQLITE_ERROR: no such table: issues
2023-12-07 19:06:56 error: SQLITE_ERROR: no such table: issues
2023-12-07 19:11:07 error: SQLITE_ERROR: no such table: issues
2023-12-07 19:11:08 error: SQLITE_ERROR: no such table: issues
2023-12-07 19:12:32 error: SQLITE_ERROR: no such table: issues
2023-12-07 19:12:40 error: SQLITE_ERROR: no such table: issues
2023-12-07 19:12:41 error: SQLITE_ERROR: no such table: issues
2023-12-07 19:12:46 error: SQLITE_ERROR: no such table: issues
2023-12-07 19:12:52 error: SQLITE_ERROR: no such table: issues
2023-12-07 19:12:55 error: SQLITE_ERROR: no such table: issues
2023-12-07 19:12:55 error: SQLITE_ERROR: no such table: issues
2023-12-07 19:13:30 error: SQLITE_ERROR: no such table: issues
2023-12-07 19:13:34 error: SQLITE_ERROR: no such table: issues
2023-12-07 19:13:34 error: SQLITE_ERROR: no such table: issues
2023-12-07 19:13:36 error: SQLITE_ERROR: no such table: issues
2023-12-07 19:13:36 error: SQLITE_ERROR: no such table: issues
2023-12-07 19:13:36 error: SQLITE_ERROR: no such table: issues
2023-12-07 19:13:36 error: SQLITE_ERROR: no such table: issues
2023-12-07 19:13:41 error: SQLITE_ERROR: no such table: issues
2023-12-07 19:13:41 error: SQLITE_ERROR: no such table: issues
2023-12-07 19:13:41 error: SQLITE_ERROR: no such table: issues
2023-12-07 19:13:42 error: SQLITE_ERROR: no such table: issues
2023-12-07 19:13:46 error: SQLITE_ERROR: no such table: issues
2023-12-07 19:13:46 error: SQLITE_ERROR: no such table: issues
2023-12-07 19:13:46 error: SQLITE_ERROR: no such table: issues
2023-12-07 19:13:46 error: SQLITE_ERROR: no such table: issues
2023-12-07 19:13:46 error: SQLITE_ERROR: no such table: issues
2023-12-07 19:13:47 error: SQLITE_ERROR: no such table: issues
2023-12-07 19:13:47 error: SQLITE_ERROR: no such table: issues
2023-12-07 19:13:51 error: SQLITE_ERROR: no such table: issues
2023-12-07 19:13:51 error: SQLITE_ERROR: no such table: issues
2023-12-07 19:13:53 error: SQLITE_ERROR: no such table: issues
2023-12-07 19:13:57 error: SQLITE_ERROR: no such table: issues
2023-12-07 19:13:57 error: SQLITE_ERROR: no such table: issues
2023-12-07 19:13:57 error: SQLITE_ERROR: no such table: issues
2023-12-07 19:13:58 error: SQLITE_ERROR: no such table: issues
2023-12-07 19:14:02 error: SQLITE_ERROR: no such table: issues
2023-12-07 19:14:02 error: SQLITE_ERROR: no such table: issues
2023-12-07 19:14:02 error: SQLITE_ERROR: no such table: issues
2023-12-07 19:14:44 error: SQLITE_ERROR: no such table: issues
2023-12-07 19:14:48 error: SQLITE_ERROR: no such table: issues
2023-12-07 19:14:48 error: SQLITE_ERROR: no such table: issues
2023-12-07 19:15:14 error: SQLITE_ERROR: no such table: issues
2023-12-07 19:15:14 error: SQLITE_ERROR: no such table: issues
2023-12-07 19:15:14 error: SQLITE_ERROR: no such table: issues
2023-12-07 19:15:48 error: SQLITE_ERROR: no such table: issues
2023-12-07 19:16:36 error: SQLITE_ERROR: no such table: issues
2023-12-07 19:16:36 error: SQLITE_ERROR: no such table: issues
2023-12-07 19:16:36 error: SQLITE_ERROR: no such table: issues
2023-12-07 19:16:40 error: SQLITE_ERROR: no such table: issues
2023-12-07 19:16:40 error: SQLITE_ERROR: no such table: issues
2023-12-07 19:16:41 error: SQLITE_ERROR: no such table: issues
2023-12-07 19:16:41 error: SQLITE_ERROR: no such table: issues
2023-12-07 19:16:44 error: SQLITE_ERROR: no such table: issues
2023-12-07 19:16:45 error: SQLITE_ERROR: no such table: issues
2023-12-07 19:16:46 error: SQLITE_ERROR: no such table: issues
2023-12-07 19:16:46 error: SQLITE_ERROR: no such table: issues
2023-12-07 19:16:47 error: SQLITE_ERROR: no such table: issues
2023-12-07 19:16:47 error: SQLITE_ERROR: no such table: issues
2023-12-07 19:16:48 error: SQLITE_ERROR: no such table: issues
2023-12-07 19:16:48 error: SQLITE_ERROR: no such table: issues
2023-12-07 19:16:48 error: SQLITE_ERROR: no such table: issues
2023-12-07 19:16:48 error: SQLITE_ERROR: no such table: issues
2023-12-07 19:16:54 error: SQLITE_ERROR: no such table: issues
2023-12-07 19:16:56 error: SQLITE_ERROR: no such table: issues
2023-12-07 19:16:56 error: SQLITE_ERROR: no such table: issues
2023-12-07 19:16:58 error: SQLITE_ERROR: no such table: issues
2023-12-07 19:16:58 error: SQLITE_ERROR: no such table: issues
2023-12-07 19:16:58 error: SQLITE_ERROR: no such table: issues
2023-12-07 19:17:01 error: SQLITE_ERROR: no such table: issues
2023-12-07 19:17:01 error: SQLITE_ERROR: no such table: issues
2023-12-07 19:17:01 error: SQLITE_ERROR: no such table: issues
2023-12-07 19:17:02 error: SQLITE_ERROR: no such table: issues
2023-12-07 19:17:02 error: SQLITE_ERROR: no such table: issues
2023-12-07 19:17:02 error: SQLITE_ERROR: no such table: issues
2023-12-07 19:17:05 error: SQLITE_ERROR: no such table: issues
2023-12-07 19:17:05 error: SQLITE_ERROR: no such table: issues
2023-12-07 19:17:05 error: SQLITE_ERROR: no such table: issues
2023-12-07 19:17:07 error: SQLITE_ERROR: no such table: issues
2023-12-07 19:17:08 error: SQLITE_ERROR: no such table: issues
2023-12-07 19:17:08 error: SQLITE_ERROR: no such table: issues
2023-12-07 19:17:08 error: SQLITE_ERROR: no such table: issues
2023-12-07 19:17:12 error: SQLITE_ERROR: no such table: issues
2023-12-07 19:17:16 error: SQLITE_ERROR: no such table: issues
2023-12-07 19:17:17 error: SQLITE_ERROR: no such table: issues
2023-12-07 19:17:17 error: SQLITE_ERROR: no such table: issues
2023-12-07 19:17:18 error: SQLITE_ERROR: no such table: issues
2023-12-07 19:17:20 error: SQLITE_ERROR: no such table: issues
2023-12-07 19:17:20 error: SQLITE_ERROR: no such table: issues
2023-12-07 19:17:21 error: SQLITE_ERROR: no such table: issues
2023-12-07 19:17:21 error: SQLITE_ERROR: no such table: issues
2023-12-07 19:17:22 error: SQLITE_ERROR: no such table: issues
2023-12-07 19:17:23 error: SQLITE_ERROR: no such table: issues
2023-12-07 19:17:27 error: SQLITE_ERROR: no such table: issues
2023-12-07 19:17:27 error: SQLITE_ERROR: no such table: issues
2023-12-07 19:17:27 error: SQLITE_ERROR: no such table: issues
2023-12-07 19:17:29 error: SQLITE_ERROR: no such table: issues
2023-12-07 19:17:30 error: SQLITE_ERROR: no such table: issues
2023-12-07 19:17:30 error: SQLITE_ERROR: no such table: issues
2023-12-07 19:17:30 error: SQLITE_ERROR: no such table: issues
2023-12-07 19:30:52 error: SQLITE_ERROR: no such table: issues
2023-12-07 19:30:58 error: SQLITE_ERROR: no such table: issues
2023-12-07 19:31:04 error: SQLITE_ERROR: no such table: issues
2023-12-07 19:31:09 error: SQLITE_ERROR: no such table: issues
2023-12-07 19:31:09 error: SQLITE_ERROR: no such table: issues
2023-12-07 19:31:09 error: SQLITE_ERROR: no such table: issues
2023-12-07 19:31:09 error: SQLITE_ERROR: no such table: issues
2023-12-07 19:31:11 error: SQLITE_ERROR: no such table: issues
2023-12-07 19:31:11 error: SQLITE_ERROR: no such table: issues
2023-12-07 19:31:15 error: SQLITE_ERROR: no such table: issues
2023-12-07 19:31:18 error: SQLITE_ERROR: no such table: issues
2023-12-07 19:31:18 error: SQLITE_ERROR: no such table: issues
2023-12-07 19:31:18 error: SQLITE_ERROR: no such table: issues
2023-12-07 19:31:20 error: SQLITE_ERROR: no such table: issues
2023-12-07 19:31:21 error: SQLITE_ERROR: no such table: issues
2023-12-07 19:31:24 error: SQLITE_ERROR: no such table: issues
2023-12-07 19:31:24 error: SQLITE_ERROR: no such table: issues
2023-12-07 19:31:25 error: SQLITE_ERROR: no such table: issues
2023-12-07 19:31:26 error: SQLITE_ERROR: no such table: issues
2023-12-07 19:31:26 error: SQLITE_ERROR: no such table: issues
2023-12-07 19:31:26 error: SQLITE_ERROR: no such table: issues
2023-12-07 19:31:30 error: SQLITE_ERROR: no such table: issues
2023-12-07 19:31:30 error: SQLITE_ERROR: no such table: issues
2023-12-07 19:31:30 error: SQLITE_ERROR: no such table: issues
2023-12-07 19:31:31 error: SQLITE_ERROR: no such table: issues
2023-12-07 19:31:36 error: SQLITE_ERROR: no such table: issues
2023-12-07 19:31:38 error: SQLITE_ERROR: no such table: issues
2023-12-07 19:31:38 error: SQLITE_ERROR: no such table: issues
2023-12-07 19:31:54 error: SQLITE_ERROR: no such table: issues
2023-12-07 19:32:13 error: SQLITE_ERROR: no such table: issues
2023-12-07 19:32:13 error: SQLITE_ERROR: no such table: issues
2023-12-07 19:32:16 error: SQLITE_ERROR: no such table: issues
2023-12-07 19:32:17 error: SQLITE_ERROR: no such table: issues
2023-12-07 19:32:17 error: SQLITE_ERROR: no such table: issues
2023-12-07 19:32:17 error: SQLITE_ERROR: no such table: issues
2023-12-07 19:32:22 error: SQLITE_ERROR: no such table: issues
2023-12-07 19:32:27 error: SQLITE_ERROR: no such table: issues
2023-12-07 19:32:32 error: SQLITE_ERROR: no such table: issues
2023-12-07 19:32:38 error: SQLITE_ERROR: no such table: issues
2023-12-07 19:32:39 error: SQLITE_ERROR: no such table: issues
2023-12-07 19:32:39 error: SQLITE_ERROR: no such table: issues
2023-12-07 19:32:39 error: SQLITE_ERROR: no such table: issues
2023-12-07 19:32:43 error: SQLITE_ERROR: no such table: issues
2023-12-07 19:32:47 error: SQLITE_ERROR: no such table: issues
2023-12-07 19:32:47 error: SQLITE_ERROR: no such table: issues
2023-12-07 19:32:47 error: SQLITE_ERROR: no such table: issues
2023-12-07 19:32:47 error: SQLITE_ERROR: no such table: issues
2023-12-07 19:32:47 error: SQLITE_ERROR: no such table: issues
2023-12-07 19:32:47 error: SQLITE_ERROR: no such table: issues
2023-12-07 19:32:48 error: SQLITE_ERROR: no such table: issues
2023-12-07 19:32:48 error: SQLITE_ERROR: no such table: issues
2023-12-07 19:32:51 error: SQLITE_ERROR: no such table: issues
2023-12-07 19:32:51 error: SQLITE_ERROR: no such table: issues
2023-12-07 19:32:54 error: SQLITE_ERROR: no such table: issues
2023-12-07 19:32:57 error: SQLITE_ERROR: no such table: issues
2023-12-07 19:32:57 error: SQLITE_ERROR: no such table: issues
2023-12-07 19:32:59 error: SQLITE_ERROR: no such table: issues
2023-12-07 19:33:04 error: SQLITE_ERROR: no such table: issues
2023-12-07 19:33:07 error: SQLITE_ERROR: no such table: issues
2023-12-07 19:33:07 error: SQLITE_ERROR: no such table: issues
2023-12-07 19:33:07 error: SQLITE_ERROR: no such table: issues
2023-12-07 19:34:26 error: SQLITE_ERROR: no such table: issues
2023-12-07 19:34:33 error: SQLITE_ERROR: no such table: issues
2023-12-07 19:34:41 error: SQLITE_ERROR: no such table: issues
2023-12-07 19:34:49 error: SQLITE_ERROR: no such table: issues
2023-12-07 19:34:50 error: SQLITE_ERROR: no such table: issues
2023-12-07 19:34:55 error: SQLITE_ERROR: no such table: issues
2023-12-07 19:35:10 error: SQLITE_ERROR: no such table: issues
2023-12-07 19:35:16 error: SQLITE_ERROR: no such table: issues
2023-12-07 19:35:18 error: SQLITE_ERROR: no such table: issues
2023-12-07 19:35:18 error: SQLITE_ERROR: no such table: issues
2023-12-07 19:35:18 error: SQLITE_ERROR: no such table: issues
2023-12-07 19:35:18 error: SQLITE_ERROR: no such table: issues
2023-12-07 19:35:18 error: SQLITE_ERROR: no such table: issues
2023-12-07 19:35:21 error: SQLITE_ERROR: no such table: issues
2023-12-07 19:35:26 error: SQLITE_ERROR: no such table: issues
2023-12-07 19:35:31 error: SQLITE_ERROR: no such table: issues
2023-12-07 19:35:34 error: SQLITE_ERROR: no such table: issues
2023-12-07 19:35:37 error: SQLITE_ERROR: no such table: issues
2023-12-07 19:35:40 error: SQLITE_ERROR: no such table: issues
2023-12-07 19:35:41 error: SQLITE_ERROR: no such table: issues
2023-12-07 19:35:41 error: SQLITE_ERROR: no such table: issues
2023-12-07 19:35:41 error: SQLITE_ERROR: no such table: issues
2023-12-07 19:35:41 error: SQLITE_ERROR: no such table: issues
2023-12-07 19:35:42 error: SQLITE_ERROR: no such table: issues
2023-12-07 19:35:45 error: SQLITE_ERROR: no such table: issues
2023-12-07 19:35:45 error: SQLITE_ERROR: no such table: issues
2023-12-07 19:35:45 error: SQLITE_ERROR: no such table: issues
2023-12-07 19:35:45 error: SQLITE_ERROR: no such table: issues
2023-12-07 19:35:46 error: SQLITE_ERROR: no such table: issues
2023-12-07 19:35:47 error: SQLITE_ERROR: no such table: issues
2023-12-07 19:35:48 error: SQLITE_ERROR: no such table: issues
2023-12-07 19:35:48 error: SQLITE_ERROR: no such table: issues
2023-12-07 19:35:53 error: SQLITE_ERROR: no such table: issues
2023-12-07 19:35:53 error: SQLITE_ERROR: no such table: issues
2023-12-07 19:35:53 error: SQLITE_ERROR: no such table: issues
2023-12-07 19:35:57 error: SQLITE_ERROR: no such table: issues
2023-12-07 19:35:57 error: SQLITE_ERROR: no such table: issues
2023-12-07 19:36:00 error: SQLITE_ERROR: no such table: issues
2023-12-07 19:36:00 error: SQLITE_ERROR: no such table: issues
2023-12-07 19:36:04 error: SQLITE_ERROR: no such table: issues
2023-12-07 19:36:09 error: SQLITE_ERROR: no such table: issues
2023-12-07 19:36:14 error: SQLITE_ERROR: no such table: issues
2023-12-07 19:36:19 error: SQLITE_ERROR: no such table: issues
2023-12-07 19:36:25 error: SQLITE_ERROR: no such table: issues
2023-12-07 19:36:35 error: SQLITE_ERROR: no such table: issues
2023-12-07 20:34:22 error: SQLITE_ERROR: no such table: issues
2023-12-07 20:34:23 error: SQLITE_ERROR: no such table: issues
2023-12-07 20:34:23 error: SQLITE_ERROR: no such table: issues
2023-12-07 20:34:23 error: SQLITE_ERROR: no such table: issues
2023-12-07 20:34:29 error: SQLITE_ERROR: no such table: issues
2023-12-07 20:34:34 error: SQLITE_ERROR: no such table: issues
2023-12-07 20:34:34 error: SQLITE_ERROR: no such table: issues
2023-12-07 20:34:34 error: SQLITE_ERROR: no such table: issues
2023-12-07 20:34:34 error: SQLITE_ERROR: no such table: issues
2023-12-07 20:34:35 error: SQLITE_ERROR: no such table: issues
2023-12-07 20:34:52 error: SQLITE_ERROR: no such table: issues
2023-12-07 20:35:01 error: SQLITE_ERROR: no such table: issues
2023-12-07 20:35:02 error: SQLITE_ERROR: no such table: issues
2023-12-07 20:35:05 error: SQLITE_ERROR: no such table: issues
2023-12-07 20:35:05 error: SQLITE_ERROR: no such table: issues
2023-12-07 20:35:06 error: SQLITE_ERROR: no such table: issues
2023-12-07 20:35:06 error: SQLITE_ERROR: no such table: issues
2023-12-07 20:35:08 error: SQLITE_ERROR: no such table: issues
2023-12-07 20:35:08 error: SQLITE_ERROR: no such table: issues
2023-12-07 20:35:08 error: SQLITE_ERROR: no such table: issues
2023-12-07 20:35:10 error: SQLITE_ERROR: no such table: issues
2023-12-07 20:35:10 error: SQLITE_ERROR: no such table: issues
2023-12-07 20:35:12 error: SQLITE_ERROR: no such table: issues
2023-12-07 20:35:15 error: SQLITE_ERROR: no such table: issues
2023-12-07 20:35:26 error: SQLITE_ERROR: no such table: issues
2023-12-07 20:42:57 error: SQLITE_ERROR: no such table: issues
2023-12-07 20:42:57 error: SQLITE_ERROR: no such table: issues
2023-12-07 20:43:07 error: SQLITE_ERROR: no such table: issues
2023-12-07 20:43:07 error: SQLITE_ERROR: no such table: issues
2023-12-07 20:43:21 error: SQLITE_ERROR: no such table: issues
2023-12-07 20:43:21 error: SQLITE_ERROR: no such table: issues
2023-12-07 20:43:22 error: SQLITE_ERROR: no such table: issues
2023-12-07 20:43:25 error: SQLITE_ERROR: no such table: issues
2023-12-07 20:43:25 error: SQLITE_ERROR: no such table: issues
2023-12-07 20:43:29 error: SQLITE_ERROR: no such table: issues
2023-12-07 20:43:32 error: SQLITE_ERROR: no such table: issues
2023-12-07 20:43:32 error: SQLITE_ERROR: no such table: issues
2023-12-07 20:43:34 error: SQLITE_ERROR: no such table: issues
2023-12-07 20:43:34 error: SQLITE_ERROR: no such table: issues
2023-12-07 20:43:39 error: SQLITE_ERROR: no such table: issues
2023-12-07 20:43:40 error: SQLITE_ERROR: no such table: issues
2023-12-07 20:43:44 error: SQLITE_ERROR: no such table: issues
2023-12-07 20:43:47 error: SQLITE_ERROR: no such table: issues
2023-12-07 20:43:47 error: SQLITE_ERROR: no such table: issues
2023-12-07 20:43:49 error: SQLITE_ERROR: no such table: issues
2023-12-07 20:43:51 error: SQLITE_ERROR: no such table: issues
2023-12-07 20:43:57 error: SQLITE_ERROR: no such table: issues
2023-12-07 20:43:57 error: SQLITE_ERROR: no such table: issues
2023-12-07 20:43:57 error: SQLITE_ERROR: no such table: issues
2023-12-07 20:44:00 error: SQLITE_ERROR: no such table: issues
2023-12-08 11:19:41 error: SQLITE_ERROR: no such table: issues
2023-12-08 11:19:41 error: SQLITE_ERROR: no such table: issues
2023-12-08 11:19:45 error: SQLITE_ERROR: no such table: issues
2023-12-08 11:19:45 error: SQLITE_ERROR: no such table: issues
2023-12-08 11:19:47 error: SQLITE_ERROR: no such table: issues
2023-12-08 11:19:47 error: SQLITE_ERROR: no such table: issues
2023-12-08 11:19:47 error: SQLITE_ERROR: no such table: issues
2023-12-08 11:19:52 error: SQLITE_ERROR: no such table: issues
2023-12-08 11:19:58 error: SQLITE_ERROR: no such table: issues
2023-12-08 11:20:03 error: SQLITE_ERROR: no such table: issues
2023-12-08 20:55:16 error: SQLITE_ERROR: no such table: issues
2023-12-08 20:56:14 error: SQLITE_ERROR: no such table: issues
2023-12-08 20:56:14 error: SQLITE_ERROR: no such table: issues
2023-12-08 20:56:17 error: SQLITE_ERROR: no such table: issues
2023-12-08 20:56:20 error: SQLITE_ERROR: no such table: issues
2023-12-08 20:56:49 error: SQLITE_ERROR: no such table: issues
2023-12-08 20:57:12 error: SQLITE_ERROR: no such table: issues
2023-12-08 20:57:12 error: SQLITE_ERROR: no such table: issues
2023-12-08 20:57:13 error: SQLITE_ERROR: no such table: issues
2023-12-08 20:57:15 error: SQLITE_ERROR: no such table: issues
2023-12-08 20:57:15 error: SQLITE_ERROR: no such table: issues
2023-12-08 20:57:21 error: SQLITE_ERROR: no such table: issues
2023-12-08 20:57:23 error: SQLITE_ERROR: no such table: issues
2023-12-08 20:57:29 error: SQLITE_ERROR: no such table: issues
2023-12-08 20:57:33 error: SQLITE_ERROR: no such table: issues
2023-12-08 20:57:34 error: SQLITE_ERROR: no such table: issues
2023-12-08 20:57:43 error: SQLITE_ERROR: no such table: issues
2023-12-08 20:57:45 error: SQLITE_ERROR: no such table: issues
2023-12-08 20:57:45 error: SQLITE_ERROR: no such table: issues
2023-12-08 20:57:49 error: SQLITE_ERROR: no such table: issues
2023-12-08 20:57:50 error: SQLITE_ERROR: no such table: issues
2023-12-08 20:57:50 error: SQLITE_ERROR: no such table: issues
2023-12-08 20:57:51 error: SQLITE_ERROR: no such table: issues
2023-12-08 20:57:51 error: SQLITE_ERROR: no such table: issues
2023-12-08 21:02:36 error: SQLITE_ERROR: no such table: issues
2023-12-08 21:02:36 error: SQLITE_ERROR: no such table: issues
2023-12-08 21:02:38 error: SQLITE_ERROR: no such table: issues
2023-12-08 21:02:40 error: SQLITE_ERROR: no such table: issues
2023-12-08 21:02:43 error: SQLITE_ERROR: no such table: issues
2023-12-08 21:02:48 error: SQLITE_ERROR: no such table: issues
2023-12-08 21:02:52 error: SQLITE_ERROR: no such table: issues
2023-12-08 21:02:57 error: SQLITE_ERROR: no such table: issues
2023-12-08 21:03:02 error: SQLITE_ERROR: no such table: issues
2023-12-08 21:03:07 error: SQLITE_ERROR: no such table: issues
2023-12-08 21:03:08 error: SQLITE_ERROR: no such table: issues
2023-12-08 21:03:12 error: SQLITE_ERROR: no such table: issues
2023-12-08 21:03:13 error: SQLITE_ERROR: no such table: issues
2023-12-08 21:03:13 error: SQLITE_ERROR: no such table: issues
2023-12-08 21:03:18 error: SQLITE_ERROR: no such table: issues
2023-12-08 21:03:24 error: SQLITE_ERROR: no such table: issues
2023-12-08 21:03:29 error: SQLITE_ERROR: no such table: issues
2023-12-08 21:03:33 error: SQLITE_ERROR: no such table: issues
2023-12-08 21:03:33 error: SQLITE_ERROR: no such table: issues
2023-12-08 21:03:33 error: SQLITE_ERROR: no such table: issues
2023-12-08 21:03:34 error: SQLITE_ERROR: no such table: issues
2023-12-08 21:03:35 error: SQLITE_ERROR: no such table: issues
2023-12-08 21:03:38 error: SQLITE_ERROR: no such table: issues
2023-12-08 21:03:39 error: SQLITE_ERROR: no such table: issues
2023-12-08 21:03:39 error: SQLITE_ERROR: no such table: issues
2023-12-08 21:03:40 error: SQLITE_ERROR: no such table: issues
2023-12-08 21:03:42 error: SQLITE_ERROR: no such table: issues
2023-12-08 21:03:44 error: SQLITE_ERROR: no such table: issues
2023-12-08 21:03:45 error: SQLITE_ERROR: no such table: issues
2023-12-08 21:03:59 error: SQLITE_ERROR: no such table: issues
2023-12-08 21:03:59 error: SQLITE_ERROR: no such table: issues
2023-12-08 21:04:01 error: SQLITE_ERROR: no such table: issues
2023-12-08 21:04:06 error: SQLITE_ERROR: no such table: issues
2023-12-08 21:04:08 error: SQLITE_ERROR: no such table: issues
2023-12-08 21:04:08 error: SQLITE_ERROR: no such table: issues
2023-12-08 21:04:10 error: SQLITE_ERROR: no such table: issues
2023-12-08 21:04:10 error: SQLITE_ERROR: no such table: issues
2023-12-08 21:04:10 error: SQLITE_ERROR: no such table: issues
2023-12-08 21:04:12 error: SQLITE_ERROR: no such table: issues
2023-12-08 21:04:15 error: SQLITE_ERROR: no such table: issues
2023-12-08 21:04:17 error: SQLITE_ERROR: no such table: issues
2023-12-08 21:04:17 error: SQLITE_ERROR: no such table: issues
2023-12-08 21:04:19 error: SQLITE_ERROR: no such table: issues
2023-12-08 21:04:22 error: SQLITE_ERROR: no such table: issues
2023-12-08 21:04:26 error: SQLITE_ERROR: no such table: issues
2023-12-08 21:04:26 error: SQLITE_ERROR: no such table: issues
2023-12-08 21:04:33 error: SQLITE_ERROR: no such table: issues
2023-12-08 21:04:33 error: SQLITE_ERROR: no such table: issues
2023-12-08 21:04:33 error: SQLITE_ERROR: no such table: issues
2023-12-08 21:04:33 error: SQLITE_ERROR: no such table: issues
2023-12-08 21:04:39 error: SQLITE_ERROR: no such table: issues
2023-12-08 21:04:42 error: SQLITE_ERROR: no such table: issues
2023-12-08 21:04:44 error: SQLITE_ERROR: no such table: issues
2023-12-08 21:04:45 error: SQLITE_ERROR: no such table: issues
2023-12-08 21:04:45 error: SQLITE_ERROR: no such table: issues
2023-12-08 21:04:48 error: SQLITE_ERROR: no such table: issues
2023-12-08 21:04:48 error: SQLITE_ERROR: no such table: issues
2023-12-08 21:04:49 error: SQLITE_ERROR: no such table: issues
2023-12-08 21:04:50 error: SQLITE_ERROR: no such table: issues
2023-12-08 21:04:53 error: SQLITE_ERROR: no such table: issues
2023-12-08 21:04:53 error: SQLITE_ERROR: no such table: issues
2023-12-08 21:05:00 error: SQLITE_ERROR: no such table: issues
2023-12-08 21:05:03 error: SQLITE_ERROR: no such table: issues
2023-12-08 21:05:03 error: SQLITE_ERROR: no such table: issues
2023-12-08 21:05:03 error: SQLITE_ERROR: no such table: issues
2023-12-08 21:05:05 error: SQLITE_ERROR: no such table: issues
2023-12-08 21:05:05 error: SQLITE_ERROR: no such table: issues
2023-12-08 21:05:05 error: SQLITE_ERROR: no such table: issues
2023-12-08 21:05:09 error: SQLITE_ERROR: no such table: issues
2023-12-08 21:05:09 error: SQLITE_ERROR: no such table: issues
2023-12-08 21:05:16 error: SQLITE_ERROR: no such table: issues
2023-12-08 21:05:21 error: SQLITE_ERROR: no such table: issues
2023-12-08 21:05:46 error: SQLITE_ERROR: no such table: issues
2023-12-08 21:05:53 error: SQLITE_ERROR: no such table: issues
2023-12-08 21:05:54 error: SQLITE_ERROR: no such table: issues
2023-12-08 21:05:54 error: SQLITE_ERROR: no such table: issues
2023-12-08 21:05:57 error: SQLITE_ERROR: no such table: issues
2023-12-08 21:05:57 error: SQLITE_ERROR: no such table: issues
2023-12-08 21:06:09 error: SQLITE_ERROR: no such table: issues
2023-12-08 21:06:10 error: SQLITE_ERROR: no such table: issues
2023-12-08 21:22:26 error: SQLITE_ERROR: no such table: issues
2023-12-08 21:22:26 error: SQLITE_ERROR: no such table: issues
2023-12-08 21:22:26 error: SQLITE_ERROR: no such table: issues
2023-12-08 21:22:26 error: SQLITE_ERROR: no such table: issues
2023-12-08 21:22:28 error: SQLITE_ERROR: no such table: issues
2023-12-08 21:22:28 error: SQLITE_ERROR: no such table: issues
2023-12-08 21:22:31 error: SQLITE_ERROR: no such table: issues
2023-12-08 21:22:34 error: SQLITE_ERROR: no such table: issues
2023-12-08 21:22:34 error: SQLITE_ERROR: no such table: issues
2023-12-08 21:22:36 error: SQLITE_ERROR: no such table: issues
2023-12-08 21:22:37 error: SQLITE_ERROR: no such table: issues
2023-12-08 21:22:38 error: SQLITE_ERROR: no such table: issues
2023-12-08 21:22:41 error: SQLITE_ERROR: no such table: issues
2023-12-08 21:22:41 error: SQLITE_ERROR: no such table: issues
2023-12-08 21:22:42 error: SQLITE_ERROR: no such table: issues
2023-12-08 21:22:43 error: SQLITE_ERROR: no such table: issues
2023-12-08 21:22:45 error: SQLITE_ERROR: no such table: issues
2023-12-08 21:22:49 error: SQLITE_ERROR: no such table: issues
2023-12-08 21:22:49 error: SQLITE_ERROR: no such table: issues
2023-12-08 21:22:52 error: SQLITE_ERROR: no such table: issues
2023-12-08 21:22:53 error: SQLITE_ERROR: no such table: issues
2023-12-08 21:22:55 error: SQLITE_ERROR: no such table: issues
2023-12-08 21:22:55 error: SQLITE_ERROR: no such table: issues
2023-12-08 21:22:57 error: SQLITE_ERROR: no such table: issues
2023-12-08 21:22:57 error: SQLITE_ERROR: no such table: issues
2023-12-08 21:23:01 error: SQLITE_ERROR: no such table: issues
2023-12-08 21:23:05 error: SQLITE_ERROR: no such table: issues
2023-12-08 21:23:05 error: SQLITE_ERROR: no such table: issues
2023-12-08 21:27:17 error: SQLITE_ERROR: no such table: issues
2023-12-08 21:27:24 error: SQLITE_ERROR: no such table: issues
2023-12-08 21:27:26 error: SQLITE_ERROR: no such table: issues
2023-12-08 21:27:28 error: SQLITE_ERROR: no such table: issues
2023-12-08 21:27:31 error: SQLITE_ERROR: no such table: issues
2023-12-08 21:27:31 error: SQLITE_ERROR: no such table: issues
2023-12-08 21:27:37 error: SQLITE_ERROR: no such table: issues
2023-12-08 21:27:37 error: SQLITE_ERROR: no such table: issues
2023-12-08 21:27:37 error: SQLITE_ERROR: no such table: issues
2023-12-08 21:27:42 error: SQLITE_ERROR: no such table: issues
2023-12-08 21:27:48 error: SQLITE_ERROR: no such table: issues
2023-12-08 21:27:53 error: SQLITE_ERROR: no such table: issues
2023-12-08 21:27:53 error: SQLITE_ERROR: no such table: issues
2023-12-08 21:27:58 error: SQLITE_ERROR: no such table: issues
2023-12-08 21:27:59 error: SQLITE_ERROR: no such table: issues
2023-12-08 21:28:03 error: SQLITE_ERROR: no such table: issues
2023-12-08 21:28:03 error: SQLITE_ERROR: no such table: issues
2023-12-08 21:28:07 error: SQLITE_ERROR: no such table: issues
2023-12-08 21:28:09 error: SQLITE_ERROR: no such table: issues
2023-12-08 21:28:10 error: SQLITE_ERROR: no such table: issues
2023-12-08 21:28:15 error: SQLITE_ERROR: no such table: issues
2023-12-08 21:28:15 error: SQLITE_ERROR: no such table: issues
2023-12-08 21:28:19 error: SQLITE_ERROR: no such table: issues
2023-12-08 21:28:19 error: SQLITE_ERROR: no such table: issues
2023-12-08 21:28:20 error: SQLITE_ERROR: no such table: issues
2023-12-08 21:28:25 error: SQLITE_ERROR: no such table: issues
2023-12-08 21:28:26 error: SQLITE_ERROR: no such table: issues
2023-12-08 21:28:26 error: SQLITE_ERROR: no such table: issues
2023-12-08 21:28:31 error: SQLITE_ERROR: no such table: issues
2023-12-08 21:28:31 error: SQLITE_ERROR: no such table: issues
2023-12-08 21:28:34 error: SQLITE_ERROR: no such table: issues
2023-12-08 21:28:42 error: SQLITE_ERROR: no such table: issues
2023-12-08 21:28:52 error: SQLITE_ERROR: no such table: issues
2023-12-08 21:28:52 error: SQLITE_ERROR: no such table: issues
2023-12-08 21:28:55 error: SQLITE_ERROR: no such table: issues
2023-12-08 21:28:57 error: SQLITE_ERROR: no such table: issues
2023-12-08 21:29:02 error: SQLITE_ERROR: no such table: issues
2023-12-08 21:29:02 error: SQLITE_ERROR: no such table: issues
2023-12-08 21:29:11 error: SQLITE_ERROR: no such table: issues
2023-12-08 21:29:12 error: SQLITE_ERROR: no such table: issues
2023-12-08 21:29:13 error: SQLITE_ERROR: no such table: issues
2023-12-08 21:29:19 error: SQLITE_ERROR: no such table: issues
2023-12-08 21:29:20 error: SQLITE_ERROR: no such table: issues
2023-12-08 21:29:24 error: SQLITE_ERROR: no such table: issues
2023-12-08 21:29:26 error: SQLITE_ERROR: no such table: issues
2023-12-08 21:29:50 error: SQLITE_ERROR: no such table: issues
2023-12-08 21:29:50 error: SQLITE_ERROR: no such table: issues
2023-12-08 21:29:51 error: SQLITE_ERROR: no such table: issues
2023-12-08 21:29:52 error: SQLITE_ERROR: no such table: issues
2023-12-08 21:29:52 error: SQLITE_ERROR: no such table: issues
2023-12-08 21:30:01 error: SQLITE_ERROR: no such table: issues
2023-12-08 21:30:01 error: SQLITE_ERROR: no such table: issues
2023-12-08 21:30:07 error: SQLITE_ERROR: no such table: issues
2023-12-08 21:30:07 error: SQLITE_ERROR: no such table: issues
2023-12-08 21:30:33 error: SQLITE_ERROR: no such table: issues
2023-12-08 21:30:33 error: SQLITE_ERROR: no such table: issues
2023-12-08 21:30:33 error: SQLITE_ERROR: no such table: issues
2023-12-08 21:30:33 error: SQLITE_ERROR: no such table: issues
2023-12-08 21:32:04 error: SQLITE_ERROR: no such table: issues
2023-12-08 21:32:10 error: SQLITE_ERROR: no such table: issues
2023-12-08 21:32:15 error: SQLITE_ERROR: no such table: issues
2023-12-08 21:32:18 error: SQLITE_ERROR: no such table: issues
2023-12-08 21:32:18 error: SQLITE_ERROR: no such table: issues
2023-12-08 21:32:20 error: SQLITE_ERROR: no such table: issues
2023-12-08 21:32:20 error: SQLITE_ERROR: no such table: issues
2023-12-08 21:32:20 error: SQLITE_ERROR: no such table: issues
2023-12-08 21:34:29 error: SQLITE_ERROR: no such table: issues
2023-12-08 21:34:35 error: SQLITE_ERROR: no such table: issues
2023-12-08 21:34:41 error: SQLITE_ERROR: no such table: issues
2023-12-08 21:34:51 error: SQLITE_ERROR: no such table: issues
2023-12-08 21:34:53 error: SQLITE_ERROR: no such table: issues
2023-12-08 21:34:58 error: SQLITE_ERROR: no such table: issues
2023-12-08 21:35:07 error: SQLITE_ERROR: no such table: issues
2023-12-08 21:35:09 error: SQLITE_ERROR: no such table: issues
2023-12-08 21:35:15 error: SQLITE_ERROR: no such table: issues
2023-12-08 21:35:20 error: SQLITE_ERROR: no such table: issues
2023-12-08 21:35:22 error: SQLITE_ERROR: no such table: issues
2023-12-08 21:35:22 error: SQLITE_ERROR: no such table: issues
2023-12-08 21:35:25 error: SQLITE_ERROR: no such table: issues
2023-12-08 21:35:26 error: SQLITE_ERROR: no such table: issues
2023-12-08 21:35:32 error: SQLITE_ERROR: no such table: issues
2023-12-08 21:36:16 error: SQLITE_ERROR: no such table: issues
2023-12-08 21:36:23 error: SQLITE_ERROR: no such table: issues
2023-12-08 21:36:23 error: SQLITE_ERROR: no such table: issues
2023-12-08 21:36:25 error: SQLITE_ERROR: no such table: issues
2023-12-08 21:36:36 error: SQLITE_ERROR: no such table: issues
2023-12-08 21:37:22 error: SQLITE_ERROR: no such table: issues
2023-12-08 21:37:22 error: SQLITE_ERROR: no such table: issues
2023-12-08 21:37:22 error: SQLITE_ERROR: no such table: issues
2023-12-08 21:37:29 error: SQLITE_ERROR: no such table: issues
2023-12-09 00:48:49 error: SQLITE_ERROR: no such table: issues
2023-12-09 00:48:50 error: SQLITE_ERROR: no such table: issues
2023-12-09 00:48:50 error: SQLITE_ERROR: no such table: issues
2023-12-09 00:48:52 error: SQLITE_ERROR: no such table: issues
2023-12-09 00:48:52 error: SQLITE_ERROR: no such table: issues
2023-12-09 00:48:52 error: SQLITE_ERROR: no such table: issues
2023-12-09 00:48:53 error: SQLITE_ERROR: no such table: issues
2023-12-09 00:48:53 error: SQLITE_ERROR: no such table: issues
2023-12-09 00:48:53 error: SQLITE_ERROR: no such table: issues
2023-12-09 00:48:53 error: SQLITE_ERROR: no such table: issues
2023-12-09 00:48:54 error: SQLITE_ERROR: no such table: issues
2023-12-09 00:48:58 error: SQLITE_ERROR: no such table: issues
2023-12-09 00:49:00 error: SQLITE_ERROR: no such table: issues
2023-12-09 00:49:00 error: SQLITE_ERROR: no such table: issues
2023-12-09 00:49:02 error: SQLITE_ERROR: no such table: issues
2023-12-09 00:49:02 error: SQLITE_ERROR: no such table: issues
2023-12-09 00:49:04 error: SQLITE_ERROR: no such table: issues
2023-12-09 00:49:14 error: SQLITE_ERROR: no such table: issues
2023-12-09 00:49:14 error: SQLITE_ERROR: no such table: issues
2023-12-09 00:49:19 error: SQLITE_ERROR: no such table: issues
2023-12-09 00:49:21 error: SQLITE_ERROR: no such table: issues
2023-12-09 00:49:21 error: SQLITE_ERROR: no such table: issues
2023-12-09 00:49:25 error: SQLITE_ERROR: no such table: issues
